<?xml version="1.0" encoding="UTF-8"?>
<!-- Generated by org.testng.reporters.JUnitReportReporter -->
<testsuite hostname="DESKTOP-4O5OM5G" failures="0" tests="1" name="p1.Demo1" time="5.344" errors="0" timestamp="2026-05-21T16:17:27 IST" skipped="0">
  <testcase classname="p1.Demo1" name="test" time="5.344">
    <system-out>
      <![CDATA[Google
my first maven project]]>
    </system-out>
  </testcase> <!-- test -->
  <system-out>
    <![CDATA[Google
my first maven project]]>
  </system-out>
</testsuite> <!-- p1.Demo1 -->
