<?xml version="1.0" encoding="UTF-8"?>
<!-- Generated by org.testng.reporters.JUnitReportReporter -->
<testsuite hostname="DESKTOP-4O5OM5G" failures="0" tests="1" name="p1.Demo1" time="2.305" errors="0" timestamp="2026-05-13T12:53:03 IST" skipped="0">
  <testcase classname="p1.Demo1" name="test" time="2.305">
    <system-out>
      <![CDATA[Google
my first maven project]]>
    </system-out>
  </testcase> <!-- test -->
  <system-out>
    <![CDATA[Google
my first maven project
sajid
sajid]]>
  </system-out>
</testsuite> <!-- p1.Demo1 -->
