<?xml version="1.0" encoding="UTF-8"?>
<testng-results ignored="0" total="1" passed="1" failed="0" skipped="0">
  <reporter-output>
    <line>
      <![CDATA[Google]]>
    </line>
    <line>
      <![CDATA[my first maven project]]>
    </line>
  </reporter-output>
  <suite started-at="2026-05-21T16:17:21 IST" name="Default suite" finished-at="2026-05-21T16:17:27 IST" duration-ms="5417">
    <groups>
    </groups>
    <test started-at="2026-05-21T16:17:21 IST" name="Default test" finished-at="2026-05-21T16:17:27 IST" duration-ms="5417">
      <class name="p1.Demo1">
        <test-method signature="test()[pri:1, instance:p1.Demo1@2ef3eef9]" started-at="2026-05-21T16:17:22 IST" name="test" finished-at="2026-05-21T16:17:27 IST" duration-ms="5344" status="PASS">
          <reporter-output>
            <line>
              <![CDATA[Google]]>
            </line>
            <line>
              <![CDATA[my first maven project]]>
            </line>
          </reporter-output>
        </test-method> <!-- test -->
      </class> <!-- p1.Demo1 -->
    </test> <!-- Default test -->
  </suite> <!-- Default suite -->
</testng-results>
