<?xml version="1.0" encoding="UTF-8"?>
<testng-results ignored="0" total="1" passed="1" failed="0" skipped="0">
  <reporter-output>
  </reporter-output>
  <suite started-at="2026-05-21T16:23:57 IST" name="Suite" finished-at="2026-05-21T16:24:08 IST" duration-ms="10835">
    <groups>
    </groups>
    <test started-at="2026-05-21T16:23:57 IST" name="Test" finished-at="2026-05-21T16:24:08 IST" duration-ms="10835">
      <class name="scripts.ValidLogin">
        <test-method is-config="true" signature="openApp(java.lang.String,java.lang.String)[pri:0, instance:scripts.ValidLogin@2ef3eef9]" started-at="2026-05-21T16:23:57 IST" name="openApp" finished-at="2026-05-21T16:24:01 IST" duration-ms="4468" status="PASS">
          <params>
            <param index="0">
              <value>
                <![CDATA[http://localhost:4444/wd/hub]]>
              </value>
            </param>
            <param index="1">
              <value>
                <![CDATA[firefox]]>
              </value>
            </param>
          </params>
          <reporter-output>
          </reporter-output>
        </test-method> <!-- openApp -->
        <test-method signature="testValidLogin()[pri:1, instance:scripts.ValidLogin@2ef3eef9]" started-at="2026-05-21T16:24:01 IST" name="testValidLogin" finished-at="2026-05-21T16:24:08 IST" duration-ms="6237" status="PASS">
          <reporter-output>
          </reporter-output>
        </test-method> <!-- testValidLogin -->
        <test-method is-config="true" signature="closeApp()[pri:0, instance:scripts.ValidLogin@2ef3eef9]" started-at="2026-05-21T16:24:08 IST" name="closeApp" finished-at="2026-05-21T16:24:08 IST" duration-ms="87" status="PASS">
          <reporter-output>
          </reporter-output>
        </test-method> <!-- closeApp -->
      </class> <!-- scripts.ValidLogin -->
    </test> <!-- Test -->
  </suite> <!-- Suite -->
</testng-results>
